2020-06-23 10:47:41.523  INFO 30560 --- [main] com.org.infy.adapter.Starter             : Starting Starter on BLRKEC287992L with PID 30560 (started by samrat.basu01 in D:\samrat.basu01\D-Drive\eclipse workspace\adapter-service)
2020-06-23 10:47:41.540  INFO 30560 --- [main] com.org.infy.adapter.Starter             : No active profile set, falling back to default profiles: default
2020-06-23 10:47:41.686  INFO 30560 --- [main] ConfigServletWebServerApplicationContext : Refreshing org.springframework.boot.web.servlet.context.AnnotationConfigServletWebServerApplicationContext@6edb8d2e: startup date [Tue Jun 23 10:47:41 IST 2020]; root of context hierarchy
2020-06-23 10:47:45.218  INFO 30560 --- [main] o.s.b.w.embedded.tomcat.TomcatWebServer  : Tomcat initialized with port(s): 8300 (http)
2020-06-23 10:47:45.248  INFO 30560 --- [main] o.apache.catalina.core.StandardService   : Starting service [Tomcat]
2020-06-23 10:47:45.248  INFO 30560 --- [main] org.apache.catalina.core.StandardEngine  : Starting Servlet Engine: Apache Tomcat/8.5.28
2020-06-23 10:47:45.259  INFO 30560 --- [localhost-startStop-1] o.a.catalina.core.AprLifecycleListener   : The APR based Apache Tomcat Native library which allows optimal performance in production environments was not found on the java.library.path: [C:\Program Files\AdoptOpenJDK\jdk-8.0.202.08\jre\bin\compressedrefs;C:\Program Files\AdoptOpenJDK\jdk-8.0.202.08\jre\bin;C:\windows\system32;C:\windows;D:/openjdk-11.0.1_windows-x64_bin/jdk-11.0.1/bin/server;D:/openjdk-11.0.1_windows-x64_bin/jdk-11.0.1/bin;C:\Program Files\Python38\Scripts\;C:\Program Files\Python38\;C:\windows\system32;C:\windows;C:\windows\System32\Wbem;C:\windows\System32\WindowsPowerShell\v1.0\;C:\windows\System32\OpenSSH\;C:\Program Files (x86)\Sennheiser\SoftphoneSDK\;C:\Program Files\AdoptOpenJDK\jdk-8.0.202.08\bin;C:\Program Files\PuTTY\;C:\Program Files\MongoDB\Server\4.2\bin;C:\Program Files\Redis;C:\Program Files\TortoiseGit\bin;C:\Program Files\Microsoft SQL Server\130\Tools\Binn\;C:\Program Files\Microsoft SQL Server\Client SDK\ODBC\170\Tools\Binn\;C:\Program Files\Git\cmd;C:\Program Files\nodejs\;C:\Program Files\dotnet\;C:\Users\samrat.basu01\AppData\Local\Microsoft\WindowsApps;;C:\Users\samrat.basu01\AppData\Local\Programs\Microsoft VS Code\bin;C:\Users\samrat.basu01\AppData\Roaming\npm;C:\Program Files\JetBrains\IntelliJ IDEA 2020.1.1\bin;;C:\Users\samrat.basu01\Desktop;;.]
2020-06-23 10:47:45.440  INFO 30560 --- [localhost-startStop-1] o.a.c.c.C.[Tomcat].[localhost].[/]       : Initializing Spring embedded WebApplicationContext
2020-06-23 10:47:45.441  INFO 30560 --- [localhost-startStop-1] o.s.web.context.ContextLoader            : Root WebApplicationContext: initialization completed in 3755 ms
2020-06-23 10:47:45.656  INFO 30560 --- [localhost-startStop-1] o.s.b.w.servlet.ServletRegistrationBean  : Servlet dispatcherServlet mapped to [/]
2020-06-23 10:47:45.661  INFO 30560 --- [localhost-startStop-1] o.s.b.w.servlet.FilterRegistrationBean   : Mapping filter: 'characterEncodingFilter' to: [/*]
2020-06-23 10:47:45.662  INFO 30560 --- [localhost-startStop-1] o.s.b.w.servlet.FilterRegistrationBean   : Mapping filter: 'hiddenHttpMethodFilter' to: [/*]
2020-06-23 10:47:45.662  INFO 30560 --- [localhost-startStop-1] o.s.b.w.servlet.FilterRegistrationBean   : Mapping filter: 'httpPutFormContentFilter' to: [/*]
2020-06-23 10:47:45.662  INFO 30560 --- [localhost-startStop-1] o.s.b.w.servlet.FilterRegistrationBean   : Mapping filter: 'requestContextFilter' to: [/*]
2020-06-23 10:47:46.628  INFO 30560 --- [main] org.mongodb.driver.cluster               : Cluster created with settings {hosts=[localhost:27017], mode=MULTIPLE, requiredClusterType=UNKNOWN, serverSelectionTimeout='30000 ms', maxWaitQueueSize=500}
2020-06-23 10:47:46.629  INFO 30560 --- [main] org.mongodb.driver.cluster               : Adding discovered server localhost:27017 to client view of cluster
2020-06-23 10:47:46.727  INFO 30560 --- [cluster-ClusterId{value='5ef1907a0aaea577606f6d40', description='null'}-localhost:27017] org.mongodb.driver.connection            : Opened connection [connectionId{localValue:1, serverValue:37}] to localhost:27017
2020-06-23 10:47:46.736  INFO 30560 --- [cluster-ClusterId{value='5ef1907a0aaea577606f6d40', description='null'}-localhost:27017] org.mongodb.driver.cluster               : Monitor thread successfully connected to server with description ServerDescription{address=localhost:27017, type=STANDALONE, state=CONNECTED, ok=true, version=ServerVersion{versionList=[4, 2, 6]}, minWireVersion=0, maxWireVersion=8, maxDocumentSize=16777216, logicalSessionTimeoutMinutes=30, roundTripTimeNanos=5450760}
2020-06-23 10:47:46.741  INFO 30560 --- [cluster-ClusterId{value='5ef1907a0aaea577606f6d40', description='null'}-localhost:27017] org.mongodb.driver.cluster               : Discovered cluster type of STANDALONE
2020-06-23 10:47:47.981  INFO 30560 --- [main] s.w.s.m.m.a.RequestMappingHandlerMapping : Mapped "{[/adapter/jira/pull/tasks],methods=[POST]}" onto public org.springframework.http.ResponseEntity<?> com.org.infy.adapter.controller.AdapterController.pullJiraTasks(java.lang.String)
2020-06-23 10:47:47.982  INFO 30560 --- [main] s.w.s.m.m.a.RequestMappingHandlerMapping : Mapped "{[/adapter/appreciation/upload],methods=[POST]}" onto public org.springframework.http.ResponseEntity<?> com.org.infy.adapter.controller.AdapterController.uploadAppreciation(org.springframework.web.multipart.MultipartFile[],java.lang.String)
2020-06-23 10:47:47.983  INFO 30560 --- [main] s.w.s.m.m.a.RequestMappingHandlerMapping : Mapped "{[/adapter/course/upload],methods=[POST]}" onto public org.springframework.http.ResponseEntity<?> com.org.infy.adapter.controller.AdapterController.uploadCourse(org.springframework.web.multipart.MultipartFile[],java.lang.String)
2020-06-23 10:47:47.984  INFO 30560 --- [main] s.w.s.m.m.a.RequestMappingHandlerMapping : Mapped "{[/adapter/feedback/upload],methods=[POST]}" onto public org.springframework.http.ResponseEntity<?> com.org.infy.adapter.controller.AdapterController.uploadFeedback(org.springframework.web.multipart.MultipartFile[],java.lang.String)
2020-06-23 10:47:47.984  INFO 30560 --- [main] s.w.s.m.m.a.RequestMappingHandlerMapping : Mapped "{[/adapter/task/upload],methods=[POST]}" onto public org.springframework.http.ResponseEntity<?> com.org.infy.adapter.controller.AdapterController.uploadTask(org.springframework.web.multipart.MultipartFile[],java.lang.String)
2020-06-23 10:47:47.985  INFO 30560 --- [main] s.w.s.m.m.a.RequestMappingHandlerMapping : Mapped "{[/adapter/fetchTasks],methods=[GET]}" onto public org.springframework.http.ResponseEntity<?> com.org.infy.adapter.controller.AdapterController.getTask(java.lang.String)
2020-06-23 10:47:47.987  INFO 30560 --- [main] s.w.s.m.m.a.RequestMappingHandlerMapping : Mapped "{[/v2/api-docs],methods=[GET],produces=[application/json || application/hal+json]}" onto public org.springframework.http.ResponseEntity<springfox.documentation.spring.web.json.Json> springfox.documentation.swagger2.web.Swagger2Controller.getDocumentation(java.lang.String,javax.servlet.http.HttpServletRequest)
2020-06-23 10:47:47.993  INFO 30560 --- [main] s.w.s.m.m.a.RequestMappingHandlerMapping : Mapped "{[/configuration/security]}" onto org.springframework.http.ResponseEntity<springfox.documentation.swagger.web.SecurityConfiguration> springfox.documentation.swagger.web.ApiResourceController.securityConfiguration()
2020-06-23 10:47:47.995  INFO 30560 --- [main] s.w.s.m.m.a.RequestMappingHandlerMapping : Mapped "{[/configuration/ui]}" onto org.springframework.http.ResponseEntity<springfox.documentation.swagger.web.UiConfiguration> springfox.documentation.swagger.web.ApiResourceController.uiConfiguration()
2020-06-23 10:47:47.996  INFO 30560 --- [main] s.w.s.m.m.a.RequestMappingHandlerMapping : Mapped "{[/swagger-resources]}" onto org.springframework.http.ResponseEntity<java.util.List<springfox.documentation.swagger.web.SwaggerResource>> springfox.documentation.swagger.web.ApiResourceController.swaggerResources()
2020-06-23 10:47:48.005  INFO 30560 --- [main] s.w.s.m.m.a.RequestMappingHandlerMapping : Mapped "{[/error],produces=[text/html]}" onto public org.springframework.web.servlet.ModelAndView org.springframework.boot.autoconfigure.web.servlet.error.BasicErrorController.errorHtml(javax.servlet.http.HttpServletRequest,javax.servlet.http.HttpServletResponse)
2020-06-23 10:47:48.006  INFO 30560 --- [main] s.w.s.m.m.a.RequestMappingHandlerMapping : Mapped "{[/error]}" onto public org.springframework.http.ResponseEntity<java.util.Map<java.lang.String, java.lang.Object>> org.springframework.boot.autoconfigure.web.servlet.error.BasicErrorController.error(javax.servlet.http.HttpServletRequest)
2020-06-23 10:47:48.490  INFO 30560 --- [main] s.w.s.m.m.a.RequestMappingHandlerAdapter : Looking for @ControllerAdvice: org.springframework.boot.web.servlet.context.AnnotationConfigServletWebServerApplicationContext@6edb8d2e: startup date [Tue Jun 23 10:47:41 IST 2020]; root of context hierarchy
2020-06-23 10:47:48.582  INFO 30560 --- [main] o.s.w.s.handler.SimpleUrlHandlerMapping  : Mapped URL path [/webjars/**] onto handler of type [class org.springframework.web.servlet.resource.ResourceHttpRequestHandler]
2020-06-23 10:47:48.582  INFO 30560 --- [main] o.s.w.s.handler.SimpleUrlHandlerMapping  : Mapped URL path [/**] onto handler of type [class org.springframework.web.servlet.resource.ResourceHttpRequestHandler]
2020-06-23 10:47:48.636  INFO 30560 --- [main] o.s.w.s.handler.SimpleUrlHandlerMapping  : Mapped URL path [/**/favicon.ico] onto handler of type [class org.springframework.web.servlet.resource.ResourceHttpRequestHandler]
2020-06-23 10:47:48.885  INFO 30560 --- [main] o.s.j.e.a.AnnotationMBeanExporter        : Registering beans for JMX exposure on startup
2020-06-23 10:47:48.912  INFO 30560 --- [main] d.s.w.p.DocumentationPluginsBootstrapper : Context refreshed
2020-06-23 10:47:48.936  INFO 30560 --- [main] d.s.w.p.DocumentationPluginsBootstrapper : Found 1 custom documentation plugin(s)
2020-06-23 10:47:48.949  INFO 30560 --- [main] s.d.s.w.s.ApiListingReferenceScanner     : Scanning for api listing references
2020-06-23 10:47:49.143  INFO 30560 --- [main] o.s.b.w.embedded.tomcat.TomcatWebServer  : Tomcat started on port(s): 8300 (http) with context path ''
2020-06-23 10:47:49.149  INFO 30560 --- [main] com.org.infy.adapter.Starter             : Started Starter in 8.508 seconds (JVM running for 9.268)
2020-06-23 10:49:14.552  INFO 30560 --- [http-nio-8300-exec-1] o.a.c.c.C.[Tomcat].[localhost].[/]       : Initializing Spring FrameworkServlet 'dispatcherServlet'
2020-06-23 10:49:14.553  INFO 30560 --- [http-nio-8300-exec-1] o.s.web.servlet.DispatcherServlet        : FrameworkServlet 'dispatcherServlet': initialization started
2020-06-23 10:49:14.585  INFO 30560 --- [http-nio-8300-exec-1] o.s.web.servlet.DispatcherServlet        : FrameworkServlet 'dispatcherServlet': initialization completed in 31 ms
2020-06-23 10:49:14.805  INFO 30560 --- [http-nio-8300-exec-1] com.org.infy.adapter.util.Utility        : Payload received for Object creation :{"employeeId":"1047616","name":"Samrat Basu","email":"samtina.basu01@infosys.com","date":1592889297425,"category":"appreciation","appreciation":[{"appreciatorName":" Dheeraj Kumar Reddy","appreciatorEmail":"samtina.basu@gmail.com","appreciationSub":"Good API Work","description":"Good work","appreciationDate":1592889297425}]}
2020-06-23 10:49:14.904  INFO 30560 --- [http-nio-8300-exec-1] c.o.i.a.controller.AdapterController     : Employee id value :1047616
2020-06-23 10:49:14.905  INFO 30560 --- [http-nio-8300-exec-1] c.o.i.a.service.FileStorageService       : Appreciation file name :Important.txt
2020-06-23 10:49:14.905  INFO 30560 --- [http-nio-8300-exec-1] c.o.i.a.service.FileStorageService       : Target Location is :D:\input-file\7097119485234496049\Important.txt
2020-06-23 10:49:14.908  INFO 30560 --- [http-nio-8300-exec-1] c.o.i.a.service.FileStorageService       : File Name :Important.txt FilePath :D:\input-file\7097119485234496049\Important.txt
2020-06-23 10:49:14.960 DEBUG 30560 --- [http-nio-8300-exec-1] o.s.data.mongodb.core.MongoTemplate      : Inserting Document containing fields: [employeeId, name, email, date, category, appreciation, _class] in collection: col_icount_store
2020-06-23 10:49:15.018  INFO 30560 --- [http-nio-8300-exec-1] org.mongodb.driver.connection            : Opened connection [connectionId{localValue:2, serverValue:38}] to localhost:27017
2020-06-23 10:49:16.990  INFO 30560 --- [http-nio-8300-exec-1] c.o.i.a.service.FileStorageService       : Coin DTO is:<200,CoinDTO(id=1, key=coins, deals=null, defaults=Default(appreciationGivenCoins=20, appreciationReceivedCoins=40, feedbackGivenCoins=30, feedbackReceivedCoins=35, courseCompleteCoins=40, taskCompleteCoins=70), dealStartDate=null, dealEndDate=null),{Content-Type=[application/json;charset=UTF-8], Transfer-Encoding=[chunked], Date=[Tue, 23 Jun 2020 05:19:16 GMT]}>
2020-06-23 10:49:16.991  INFO 30560 --- [http-nio-8300-exec-1] c.o.i.a.service.FileStorageService       : To be saved receiver data :com.org.infy.adapter.model.Coins@9e6725a4
2020-06-23 10:49:17.005 DEBUG 30560 --- [http-nio-8300-exec-1] o.s.data.mongodb.core.MongoTemplate      : Inserting Document containing fields: [employeeId, name, email, coins, lastupdated, redeemdate, _class] in collection: col_user_coins
2020-06-23 10:49:17.011  INFO 30560 --- [http-nio-8300-exec-1] c.o.i.a.service.FileStorageService       : To be saved appreciation provider data :com.org.infy.adapter.model.Coins@9e6725a4
2020-06-23 10:49:17.012 DEBUG 30560 --- [http-nio-8300-exec-1] o.s.data.mongodb.core.MongoTemplate      : Inserting Document containing fields: [name, email, coins, lastupdated, redeemdate, _class] in collection: col_user_coins
2020-06-23 10:49:17.027  INFO 30560 --- [http-nio-8300-exec-1] c.o.i.a.service.FileStorageService       : Request Payload :{"id":"5ef190d20aaea577606f6d41","employeeId":"1047616","name":"Samrat Basu","email":"samtina.basu01@infosys.com","date":1592889297425,"istask":null,"category":"appreciation","appreciation":[{"appreciatorName":" Dheeraj Kumar Reddy","appreciatorEmail":"samtina.basu@gmail.com","appreciationSub":"Good API Work","description":"Good work","appreciationDate":1592889297425,"fileInfo":[{"fileName":"Important.txt","filePath":"D:\\input-file\\7097119485234496049\\Important.txt"}]}],"course":null,"feedback":null,"task":null}
2020-06-23 10:50:17.349  INFO 30560 --- [http-nio-8300-exec-1] c.o.i.a.controller.AdapterController     : Total processing time 62458 ms.
2020-06-23 10:50:28.906  INFO 30560 --- [http-nio-8300-exec-2] com.org.infy.adapter.util.Utility        : Payload received for Object creation :{"employeeId":"1047616","name":"Samrat Basu","email":"samtina.basu01@infosys.com","date":1592889297425,"category":"appreciation","appreciation":[{"appreciatorName":" Dheeraj Kumar Reddy","appreciatorEmail":"samtina.basu@gmail.com","appreciationSub":"Good API Work","description":"Good work","appreciationDate":1592889297425}]}
2020-06-23 10:50:28.917  INFO 30560 --- [http-nio-8300-exec-2] c.o.i.a.controller.AdapterController     : Employee id value :1047616
2020-06-23 10:50:28.918  INFO 30560 --- [http-nio-8300-exec-2] c.o.i.a.service.FileStorageService       : Appreciation file name :Important.txt
2020-06-23 10:50:28.918  INFO 30560 --- [http-nio-8300-exec-2] c.o.i.a.service.FileStorageService       : Target Location is :D:\input-file\7097119485234496049\Important.txt
2020-06-23 10:50:28.920  INFO 30560 --- [http-nio-8300-exec-2] c.o.i.a.service.FileStorageService       : File Name :Important.txt FilePath :D:\input-file\7097119485234496049\Important.txt
2020-06-23 10:50:28.921 DEBUG 30560 --- [http-nio-8300-exec-2] o.s.data.mongodb.core.MongoTemplate      : Inserting Document containing fields: [employeeId, name, email, date, category, appreciation, _class] in collection: col_icount_store
2020-06-23 10:50:28.955  INFO 30560 --- [http-nio-8300-exec-2] c.o.i.a.service.FileStorageService       : Coin DTO is:<200,CoinDTO(id=1, key=coins, deals=null, defaults=Default(appreciationGivenCoins=60, appreciationReceivedCoins=60, feedbackGivenCoins=40, feedbackReceivedCoins=40, courseCompleteCoins=80, taskCompleteCoins=80), dealStartDate=null, dealEndDate=null),{Content-Type=[application/json;charset=UTF-8], Transfer-Encoding=[chunked], Date=[Tue, 23 Jun 2020 05:20:28 GMT]}>
2020-06-23 10:50:28.956  INFO 30560 --- [http-nio-8300-exec-2] c.o.i.a.service.FileStorageService       : To be saved receiver data :com.org.infy.adapter.model.Coins@ae24e4ee
2020-06-23 10:50:28.956 DEBUG 30560 --- [http-nio-8300-exec-2] o.s.data.mongodb.core.MongoTemplate      : Inserting Document containing fields: [employeeId, name, email, coins, lastupdated, redeemdate, _class] in collection: col_user_coins
2020-06-23 10:50:28.959  INFO 30560 --- [http-nio-8300-exec-2] c.o.i.a.service.FileStorageService       : To be saved appreciation provider data :com.org.infy.adapter.model.Coins@ae24e4ee
2020-06-23 10:50:28.960 DEBUG 30560 --- [http-nio-8300-exec-2] o.s.data.mongodb.core.MongoTemplate      : Inserting Document containing fields: [name, email, coins, lastupdated, redeemdate, _class] in collection: col_user_coins
2020-06-23 10:50:28.968  INFO 30560 --- [http-nio-8300-exec-2] c.o.i.a.service.FileStorageService       : Request Payload :{"id":"5ef1911c0aaea577606f6d44","employeeId":"1047616","name":"Samrat Basu","email":"samtina.basu01@infosys.com","date":1592889297425,"istask":null,"category":"appreciation","appreciation":[{"appreciatorName":" Dheeraj Kumar Reddy","appreciatorEmail":"samtina.basu@gmail.com","appreciationSub":"Good API Work","description":"Good work","appreciationDate":1592889297425,"fileInfo":[{"fileName":"Important.txt","filePath":"D:\\input-file\\7097119485234496049\\Important.txt"}]}],"course":null,"feedback":null,"task":null}
2020-06-23 10:51:28.995  INFO 30560 --- [http-nio-8300-exec-2] c.o.i.a.controller.AdapterController     : Total processing time 60078 ms.
2020-06-23 10:54:01.017  INFO 30560 --- [http-nio-8300-exec-4] com.org.infy.adapter.util.Utility        : Payload received for Object creation :{"employeeId":"1047616","name":"Samrat Basu","email":"samtina.basu01@infosys.com","date":1592889297425,"category":"appreciation","appreciation":[{"appreciatorName":" Dheeraj Kumar Reddy","appreciatorEmail":"samtina.basu@gmail.com","appreciationSub":"Good API Work","description":"Good work","appreciationDate":1592889297425}]}
2020-06-23 10:54:01.032  INFO 30560 --- [http-nio-8300-exec-4] c.o.i.a.controller.AdapterController     : Employee id value :1047616
2020-06-23 10:54:01.033  INFO 30560 --- [http-nio-8300-exec-4] c.o.i.a.service.FileStorageService       : Appreciation file name :Important.txt
2020-06-23 10:54:01.034  INFO 30560 --- [http-nio-8300-exec-4] c.o.i.a.service.FileStorageService       : Target Location is :D:\input-file\7097119485234496049\Important.txt
2020-06-23 10:54:01.036  INFO 30560 --- [http-nio-8300-exec-4] c.o.i.a.service.FileStorageService       : File Name :Important.txt FilePath :D:\input-file\7097119485234496049\Important.txt
2020-06-23 10:54:01.037 DEBUG 30560 --- [http-nio-8300-exec-4] o.s.data.mongodb.core.MongoTemplate      : Inserting Document containing fields: [employeeId, name, email, date, category, appreciation, _class] in collection: col_icount_store
2020-06-23 10:54:01.073  INFO 30560 --- [http-nio-8300-exec-4] c.o.i.a.service.FileStorageService       : Coin DTO is:<200,CoinDTO(id=1, key=coins, deals=null, defaults=Default(appreciationGivenCoins=60, appreciationReceivedCoins=60, feedbackGivenCoins=40, feedbackReceivedCoins=40, courseCompleteCoins=80, taskCompleteCoins=80), dealStartDate=null, dealEndDate=null),{Content-Type=[application/json;charset=UTF-8], Transfer-Encoding=[chunked], Date=[Tue, 23 Jun 2020 05:24:01 GMT]}>
2020-06-23 10:54:01.073  INFO 30560 --- [http-nio-8300-exec-4] c.o.i.a.service.FileStorageService       : To be saved receiver data :com.org.infy.adapter.model.Coins@5a99c692
2020-06-23 10:54:01.074 DEBUG 30560 --- [http-nio-8300-exec-4] o.s.data.mongodb.core.MongoTemplate      : Inserting Document containing fields: [employeeId, name, email, coins, lastupdated, redeemdate, _class] in collection: col_user_coins
2020-06-23 10:54:01.077  INFO 30560 --- [http-nio-8300-exec-4] c.o.i.a.service.FileStorageService       : To be saved appreciation provider data :com.org.infy.adapter.model.Coins@5a99c692
2020-06-23 10:54:01.081 DEBUG 30560 --- [http-nio-8300-exec-4] o.s.data.mongodb.core.MongoTemplate      : Inserting Document containing fields: [name, email, coins, lastupdated, redeemdate, _class] in collection: col_user_coins
2020-06-23 10:54:01.088  INFO 30560 --- [http-nio-8300-exec-4] c.o.i.a.service.FileStorageService       : Request Payload :{"id":"5ef191f10aaea577606f6d47","employeeId":"1047616","name":"Samrat Basu","email":"samtina.basu01@infosys.com","date":1592889297425,"istask":null,"category":"appreciation","appreciation":[{"appreciatorName":" Dheeraj Kumar Reddy","appreciatorEmail":"samtina.basu@gmail.com","appreciationSub":"Good API Work","description":"Good work","appreciationDate":1592889297425,"fileInfo":[{"fileName":"Important.txt","filePath":"D:\\input-file\\7097119485234496049\\Important.txt"}]}],"course":null,"feedback":null,"task":null}
2020-06-23 10:54:01.341  INFO 30560 --- [http-nio-8300-exec-4] c.o.i.a.controller.AdapterController     : Total processing time 309 ms.
2020-06-23 10:58:18.749  INFO 30560 --- [http-nio-8300-exec-6] com.org.infy.adapter.util.Utility        : Payload received for Object creation :{"employeeId":"1047616","name":"Deepar","email":"DeepaR@edgeverve.com","date":1592889297425,"category":"appreciation","appreciation":[{"appreciatorName":" Samrat Basu","appreciatorEmail":"samrat.basu01@infosys.com","appreciationSub":"Good Connector Work","description":"Good work","appreciationDate":1592889297425}]}
2020-06-23 10:58:18.772  INFO 30560 --- [http-nio-8300-exec-6] c.o.i.a.controller.AdapterController     : Employee id value :1047616
2020-06-23 10:58:18.773  INFO 30560 --- [http-nio-8300-exec-6] c.o.i.a.service.FileStorageService       : Appreciation file name :Important.txt
2020-06-23 10:58:18.773  INFO 30560 --- [http-nio-8300-exec-6] c.o.i.a.service.FileStorageService       : Target Location is :D:\input-file\7097119485234496049\Important.txt
2020-06-23 10:58:18.775  INFO 30560 --- [http-nio-8300-exec-6] c.o.i.a.service.FileStorageService       : File Name :Important.txt FilePath :D:\input-file\7097119485234496049\Important.txt
2020-06-23 10:58:18.777 DEBUG 30560 --- [http-nio-8300-exec-6] o.s.data.mongodb.core.MongoTemplate      : Inserting Document containing fields: [employeeId, name, email, date, category, appreciation, _class] in collection: col_icount_store
2020-06-23 10:58:18.810  INFO 30560 --- [http-nio-8300-exec-6] c.o.i.a.service.FileStorageService       : Coin DTO is:<200,CoinDTO(id=1, key=coins, deals=null, defaults=Default(appreciationGivenCoins=60, appreciationReceivedCoins=60, feedbackGivenCoins=40, feedbackReceivedCoins=40, courseCompleteCoins=80, taskCompleteCoins=80), dealStartDate=null, dealEndDate=null),{Content-Type=[application/json;charset=UTF-8], Transfer-Encoding=[chunked], Date=[Tue, 23 Jun 2020 05:28:18 GMT]}>
2020-06-23 10:58:18.810  INFO 30560 --- [http-nio-8300-exec-6] c.o.i.a.service.FileStorageService       : To be saved receiver data :com.org.infy.adapter.model.Coins@3532cf8e
2020-06-23 10:58:18.811 DEBUG 30560 --- [http-nio-8300-exec-6] o.s.data.mongodb.core.MongoTemplate      : Inserting Document containing fields: [employeeId, name, email, coins, lastupdated, redeemdate, _class] in collection: col_user_coins
2020-06-23 10:58:18.814  INFO 30560 --- [http-nio-8300-exec-6] c.o.i.a.service.FileStorageService       : To be saved appreciation provider data :com.org.infy.adapter.model.Coins@3532cf8e
2020-06-23 10:58:18.815 DEBUG 30560 --- [http-nio-8300-exec-6] o.s.data.mongodb.core.MongoTemplate      : Inserting Document containing fields: [name, email, coins, lastupdated, redeemdate, _class] in collection: col_user_coins
2020-06-23 10:58:18.822  INFO 30560 --- [http-nio-8300-exec-6] c.o.i.a.service.FileStorageService       : Request Payload :{"id":"5ef192f20aaea577606f6d4a","employeeId":"1047616","name":"Deepar","email":"DeepaR@edgeverve.com","date":1592889297425,"istask":null,"category":"appreciation","appreciation":[{"appreciatorName":" Samrat Basu","appreciatorEmail":"samrat.basu01@infosys.com","appreciationSub":"Good Connector Work","description":"Good work","appreciationDate":1592889297425,"fileInfo":[{"fileName":"Important.txt","filePath":"D:\\input-file\\7097119485234496049\\Important.txt"}]}],"course":null,"feedback":null,"task":null}
2020-06-23 10:58:18.844  INFO 30560 --- [http-nio-8300-exec-6] c.o.i.a.controller.AdapterController     : Total processing time 72 ms.
2020-06-23 11:18:47.844  INFO 72668 --- [main] com.org.infy.adapter.Starter             : Starting Starter on BLRKEC287992L with PID 72668 (started by samrat.basu01 in D:\samrat.basu01\D-Drive\eclipse workspace\adapter-service)
2020-06-23 11:18:47.854  INFO 72668 --- [main] com.org.infy.adapter.Starter             : No active profile set, falling back to default profiles: default
2020-06-23 11:18:47.993  INFO 72668 --- [main] ConfigServletWebServerApplicationContext : Refreshing org.springframework.boot.web.servlet.context.AnnotationConfigServletWebServerApplicationContext@21c61d84: startup date [Tue Jun 23 11:18:47 IST 2020]; root of context hierarchy
2020-06-23 11:18:51.612  INFO 72668 --- [main] o.s.b.w.embedded.tomcat.TomcatWebServer  : Tomcat initialized with port(s): 8300 (http)
2020-06-23 11:18:51.648  INFO 72668 --- [main] o.apache.catalina.core.StandardService   : Starting service [Tomcat]
2020-06-23 11:18:51.648  INFO 72668 --- [main] org.apache.catalina.core.StandardEngine  : Starting Servlet Engine: Apache Tomcat/8.5.28
2020-06-23 11:18:51.664  INFO 72668 --- [localhost-startStop-1] o.a.catalina.core.AprLifecycleListener   : The APR based Apache Tomcat Native library which allows optimal performance in production environments was not found on the java.library.path: [C:\Program Files\AdoptOpenJDK\jdk-8.0.202.08\jre\bin\compressedrefs;C:\Program Files\AdoptOpenJDK\jdk-8.0.202.08\jre\bin;C:\windows\system32;C:\windows;D:/openjdk-11.0.1_windows-x64_bin/jdk-11.0.1/bin/server;D:/openjdk-11.0.1_windows-x64_bin/jdk-11.0.1/bin;C:\Program Files\Python38\Scripts\;C:\Program Files\Python38\;C:\windows\system32;C:\windows;C:\windows\System32\Wbem;C:\windows\System32\WindowsPowerShell\v1.0\;C:\windows\System32\OpenSSH\;C:\Program Files (x86)\Sennheiser\SoftphoneSDK\;C:\Program Files\AdoptOpenJDK\jdk-8.0.202.08\bin;C:\Program Files\PuTTY\;C:\Program Files\MongoDB\Server\4.2\bin;C:\Program Files\Redis;C:\Program Files\TortoiseGit\bin;C:\Program Files\Microsoft SQL Server\130\Tools\Binn\;C:\Program Files\Microsoft SQL Server\Client SDK\ODBC\170\Tools\Binn\;C:\Program Files\Git\cmd;C:\Program Files\nodejs\;C:\Program Files\dotnet\;C:\Users\samrat.basu01\AppData\Local\Microsoft\WindowsApps;;C:\Users\samrat.basu01\AppData\Local\Programs\Microsoft VS Code\bin;C:\Users\samrat.basu01\AppData\Roaming\npm;C:\Program Files\JetBrains\IntelliJ IDEA 2020.1.1\bin;;C:\Users\samrat.basu01\Desktop;;.]
2020-06-23 11:18:51.812  INFO 72668 --- [localhost-startStop-1] o.a.c.c.C.[Tomcat].[localhost].[/]       : Initializing Spring embedded WebApplicationContext
2020-06-23 11:18:51.813  INFO 72668 --- [localhost-startStop-1] o.s.web.context.ContextLoader            : Root WebApplicationContext: initialization completed in 3820 ms
2020-06-23 11:18:52.029  INFO 72668 --- [localhost-startStop-1] o.s.b.w.servlet.ServletRegistrationBean  : Servlet dispatcherServlet mapped to [/]
2020-06-23 11:18:52.033  INFO 72668 --- [localhost-startStop-1] o.s.b.w.servlet.FilterRegistrationBean   : Mapping filter: 'characterEncodingFilter' to: [/*]
2020-06-23 11:18:52.034  INFO 72668 --- [localhost-startStop-1] o.s.b.w.servlet.FilterRegistrationBean   : Mapping filter: 'hiddenHttpMethodFilter' to: [/*]
2020-06-23 11:18:52.034  INFO 72668 --- [localhost-startStop-1] o.s.b.w.servlet.FilterRegistrationBean   : Mapping filter: 'httpPutFormContentFilter' to: [/*]
2020-06-23 11:18:52.035  INFO 72668 --- [localhost-startStop-1] o.s.b.w.servlet.FilterRegistrationBean   : Mapping filter: 'requestContextFilter' to: [/*]
2020-06-23 11:18:53.135  INFO 72668 --- [main] org.mongodb.driver.cluster               : Cluster created with settings {hosts=[localhost:27017], mode=MULTIPLE, requiredClusterType=UNKNOWN, serverSelectionTimeout='30000 ms', maxWaitQueueSize=500}
2020-06-23 11:18:53.136  INFO 72668 --- [main] org.mongodb.driver.cluster               : Adding discovered server localhost:27017 to client view of cluster
2020-06-23 11:18:53.246  INFO 72668 --- [cluster-ClusterId{value='5ef197c50aaea51bdc403644', description='null'}-localhost:27017] org.mongodb.driver.connection            : Opened connection [connectionId{localValue:1, serverValue:57}] to localhost:27017
2020-06-23 11:18:53.253  INFO 72668 --- [cluster-ClusterId{value='5ef197c50aaea51bdc403644', description='null'}-localhost:27017] org.mongodb.driver.cluster               : Monitor thread successfully connected to server with description ServerDescription{address=localhost:27017, type=STANDALONE, state=CONNECTED, ok=true, version=ServerVersion{versionList=[4, 2, 6]}, minWireVersion=0, maxWireVersion=8, maxDocumentSize=16777216, logicalSessionTimeoutMinutes=30, roundTripTimeNanos=4643353}
2020-06-23 11:18:53.257  INFO 72668 --- [cluster-ClusterId{value='5ef197c50aaea51bdc403644', description='null'}-localhost:27017] org.mongodb.driver.cluster               : Discovered cluster type of STANDALONE
2020-06-23 11:18:54.917  INFO 72668 --- [main] s.w.s.m.m.a.RequestMappingHandlerMapping : Mapped "{[/adapter/jira/pull/tasks],methods=[POST]}" onto public org.springframework.http.ResponseEntity<?> com.org.infy.adapter.controller.AdapterController.pullJiraTasks(java.lang.String)
2020-06-23 11:18:54.919  INFO 72668 --- [main] s.w.s.m.m.a.RequestMappingHandlerMapping : Mapped "{[/adapter/appreciation/upload],methods=[POST]}" onto public org.springframework.http.ResponseEntity<?> com.org.infy.adapter.controller.AdapterController.uploadAppreciation(org.springframework.web.multipart.MultipartFile[],java.lang.String)
2020-06-23 11:18:54.920  INFO 72668 --- [main] s.w.s.m.m.a.RequestMappingHandlerMapping : Mapped "{[/adapter/course/upload],methods=[POST]}" onto public org.springframework.http.ResponseEntity<?> com.org.infy.adapter.controller.AdapterController.uploadCourse(org.springframework.web.multipart.MultipartFile[],java.lang.String)
2020-06-23 11:18:54.922  INFO 72668 --- [main] s.w.s.m.m.a.RequestMappingHandlerMapping : Mapped "{[/adapter/feedback/upload],methods=[POST]}" onto public org.springframework.http.ResponseEntity<?> com.org.infy.adapter.controller.AdapterController.uploadFeedback(org.springframework.web.multipart.MultipartFile[],java.lang.String)
2020-06-23 11:18:54.922  INFO 72668 --- [main] s.w.s.m.m.a.RequestMappingHandlerMapping : Mapped "{[/adapter/task/upload],methods=[POST]}" onto public org.springframework.http.ResponseEntity<?> com.org.infy.adapter.controller.AdapterController.uploadTask(org.springframework.web.multipart.MultipartFile[],java.lang.String)
2020-06-23 11:18:54.923  INFO 72668 --- [main] s.w.s.m.m.a.RequestMappingHandlerMapping : Mapped "{[/adapter/fetchTasks],methods=[GET]}" onto public org.springframework.http.ResponseEntity<?> com.org.infy.adapter.controller.AdapterController.getTask(java.lang.String)
2020-06-23 11:18:54.926  INFO 72668 --- [main] s.w.s.m.m.a.RequestMappingHandlerMapping : Mapped "{[/v2/api-docs],methods=[GET],produces=[application/json || application/hal+json]}" onto public org.springframework.http.ResponseEntity<springfox.documentation.spring.web.json.Json> springfox.documentation.swagger2.web.Swagger2Controller.getDocumentation(java.lang.String,javax.servlet.http.HttpServletRequest)
2020-06-23 11:18:54.933  INFO 72668 --- [main] s.w.s.m.m.a.RequestMappingHandlerMapping : Mapped "{[/configuration/security]}" onto org.springframework.http.ResponseEntity<springfox.documentation.swagger.web.SecurityConfiguration> springfox.documentation.swagger.web.ApiResourceController.securityConfiguration()
2020-06-23 11:18:54.935  INFO 72668 --- [main] s.w.s.m.m.a.RequestMappingHandlerMapping : Mapped "{[/configuration/ui]}" onto org.springframework.http.ResponseEntity<springfox.documentation.swagger.web.UiConfiguration> springfox.documentation.swagger.web.ApiResourceController.uiConfiguration()
2020-06-23 11:18:54.937  INFO 72668 --- [main] s.w.s.m.m.a.RequestMappingHandlerMapping : Mapped "{[/swagger-resources]}" onto org.springframework.http.ResponseEntity<java.util.List<springfox.documentation.swagger.web.SwaggerResource>> springfox.documentation.swagger.web.ApiResourceController.swaggerResources()
2020-06-23 11:18:54.947  INFO 72668 --- [main] s.w.s.m.m.a.RequestMappingHandlerMapping : Mapped "{[/error],produces=[text/html]}" onto public org.springframework.web.servlet.ModelAndView org.springframework.boot.autoconfigure.web.servlet.error.BasicErrorController.errorHtml(javax.servlet.http.HttpServletRequest,javax.servlet.http.HttpServletResponse)
2020-06-23 11:18:54.948  INFO 72668 --- [main] s.w.s.m.m.a.RequestMappingHandlerMapping : Mapped "{[/error]}" onto public org.springframework.http.ResponseEntity<java.util.Map<java.lang.String, java.lang.Object>> org.springframework.boot.autoconfigure.web.servlet.error.BasicErrorController.error(javax.servlet.http.HttpServletRequest)
2020-06-23 11:18:55.703  INFO 72668 --- [main] s.w.s.m.m.a.RequestMappingHandlerAdapter : Looking for @ControllerAdvice: org.springframework.boot.web.servlet.context.AnnotationConfigServletWebServerApplicationContext@21c61d84: startup date [Tue Jun 23 11:18:47 IST 2020]; root of context hierarchy
2020-06-23 11:18:55.860  INFO 72668 --- [main] o.s.w.s.handler.SimpleUrlHandlerMapping  : Mapped URL path [/webjars/**] onto handler of type [class org.springframework.web.servlet.resource.ResourceHttpRequestHandler]
2020-06-23 11:18:55.861  INFO 72668 --- [main] o.s.w.s.handler.SimpleUrlHandlerMapping  : Mapped URL path [/**] onto handler of type [class org.springframework.web.servlet.resource.ResourceHttpRequestHandler]
2020-06-23 11:18:55.937  INFO 72668 --- [main] o.s.w.s.handler.SimpleUrlHandlerMapping  : Mapped URL path [/**/favicon.ico] onto handler of type [class org.springframework.web.servlet.resource.ResourceHttpRequestHandler]
2020-06-23 11:18:56.311  INFO 72668 --- [main] o.s.j.e.a.AnnotationMBeanExporter        : Registering beans for JMX exposure on startup
2020-06-23 11:18:56.347  INFO 72668 --- [main] d.s.w.p.DocumentationPluginsBootstrapper : Context refreshed
2020-06-23 11:18:56.388  INFO 72668 --- [main] d.s.w.p.DocumentationPluginsBootstrapper : Found 1 custom documentation plugin(s)
2020-06-23 11:18:56.409  INFO 72668 --- [main] s.d.s.w.s.ApiListingReferenceScanner     : Scanning for api listing references
2020-06-23 11:18:56.739  INFO 72668 --- [main] o.s.b.w.embedded.tomcat.TomcatWebServer  : Tomcat started on port(s): 8300 (http) with context path ''
2020-06-23 11:18:56.745  INFO 72668 --- [main] com.org.infy.adapter.Starter             : Started Starter in 9.933 seconds (JVM running for 11.055)
2020-06-23 11:20:28.168  INFO 72668 --- [http-nio-8300-exec-1] o.a.c.c.C.[Tomcat].[localhost].[/]       : Initializing Spring FrameworkServlet 'dispatcherServlet'
2020-06-23 11:20:28.168  INFO 72668 --- [http-nio-8300-exec-1] o.s.web.servlet.DispatcherServlet        : FrameworkServlet 'dispatcherServlet': initialization started
2020-06-23 11:20:28.197  INFO 72668 --- [http-nio-8300-exec-1] o.s.web.servlet.DispatcherServlet        : FrameworkServlet 'dispatcherServlet': initialization completed in 28 ms
2020-06-23 11:20:28.279  INFO 72668 --- [http-nio-8300-exec-1] com.org.infy.adapter.util.Utility        : Payload received for Object creation :{"employeeId":"1047616","name":"Samrat Basu","email":"samtina.basu01@infosys.com","date":1592889297425,"category":"appreciation","appreciation":[{"appreciatorName":"Deepar","appreciatorEmail":"DeepaR@edgeverve.com","appreciationSub":"Good API Work","description":"Good api work","appreciationDate":1592889297425}]}
2020-06-23 11:20:28.358  INFO 72668 --- [http-nio-8300-exec-1] c.o.i.a.controller.AdapterController     : Employee id value :1047616
2020-06-23 11:20:28.359  INFO 72668 --- [http-nio-8300-exec-1] c.o.i.a.service.FileStorageService       : Appreciation file name :Important.txt
2020-06-23 11:20:28.359  INFO 72668 --- [http-nio-8300-exec-1] c.o.i.a.service.FileStorageService       : Target Location is :D:\input-file\-3976495054017007169\Important.txt
2020-06-23 11:20:28.362  INFO 72668 --- [http-nio-8300-exec-1] c.o.i.a.service.FileStorageService       : File Name :Important.txt FilePath :D:\input-file\-3976495054017007169\Important.txt
2020-06-23 11:20:28.415 DEBUG 72668 --- [http-nio-8300-exec-1] o.s.data.mongodb.core.MongoTemplate      : Inserting Document containing fields: [employeeId, name, email, date, category, appreciation, _class] in collection: col_icount_store
2020-06-23 11:20:28.461  INFO 72668 --- [http-nio-8300-exec-1] org.mongodb.driver.connection            : Opened connection [connectionId{localValue:2, serverValue:59}] to localhost:27017
2020-06-23 11:20:28.596  INFO 72668 --- [http-nio-8300-exec-1] c.o.i.a.service.FileStorageService       : Coin DTO is:<200,CoinDTO(id=1, key=coins, deals=null, defaults=Default(appreciationGivenCoins=70, appreciationReceivedCoins=70, feedbackGivenCoins=90, feedbackReceivedCoins=90, courseCompleteCoins=80, taskCompleteCoins=80), dealStartDate=null, dealEndDate=null),{Content-Type=[application/json;charset=UTF-8], Transfer-Encoding=[chunked], Date=[Tue, 23 Jun 2020 05:50:28 GMT]}>
2020-06-23 11:20:28.596  INFO 72668 --- [http-nio-8300-exec-1] c.o.i.a.service.FileStorageService       : To be saved receiver data :com.org.infy.adapter.model.Coins@8c71e387
2020-06-23 11:20:28.609 DEBUG 72668 --- [http-nio-8300-exec-1] o.s.data.mongodb.core.MongoTemplate      : Inserting Document containing fields: [employeeId, name, email, coins, lastupdated, redeemdate, _class] in collection: col_user_coins
2020-06-23 11:20:28.613  INFO 72668 --- [http-nio-8300-exec-1] c.o.i.a.service.FileStorageService       : To be saved appreciation provider data :com.org.infy.adapter.model.Coins@8c71e387
2020-06-23 11:20:28.614 DEBUG 72668 --- [http-nio-8300-exec-1] o.s.data.mongodb.core.MongoTemplate      : Inserting Document containing fields: [name, email, coins, lastupdated, redeemdate, _class] in collection: col_user_coins
2020-06-23 11:20:28.624  INFO 72668 --- [http-nio-8300-exec-1] c.o.i.a.service.FileStorageService       : Request Payload :{"id":"5ef198240aaea51bdc403645","employeeId":"1047616","name":"Samrat Basu","email":"samtina.basu01@infosys.com","date":1592889297425,"istask":null,"category":"appreciation","appreciation":[{"appreciatorName":"Deepar","appreciatorEmail":"DeepaR@edgeverve.com","appreciationSub":"Good API Work","description":"Good api work","appreciationDate":1592889297425,"fileInfo":[{"fileName":"Important.txt","filePath":"D:\\input-file\\-3976495054017007169\\Important.txt"}]}],"course":null,"feedback":null,"task":null}
2020-06-23 11:20:28.865  INFO 72668 --- [http-nio-8300-exec-1] c.o.i.a.controller.AdapterController     : Total processing time 509 ms.
2020-06-23 11:30:58.680  INFO 62716 --- [main] com.org.infy.adapter.Starter             : Starting Starter on BLRKEC287992L with PID 62716 (started by samrat.basu01 in D:\samrat.basu01\D-Drive\eclipse workspace\adapter-service)
2020-06-23 11:30:58.686  INFO 62716 --- [main] com.org.infy.adapter.Starter             : No active profile set, falling back to default profiles: default
2020-06-23 11:30:58.794  INFO 62716 --- [main] ConfigServletWebServerApplicationContext : Refreshing org.springframework.boot.web.servlet.context.AnnotationConfigServletWebServerApplicationContext@64191880: startup date [Tue Jun 23 11:30:58 IST 2020]; root of context hierarchy
2020-06-23 11:31:01.930  INFO 62716 --- [main] o.s.b.w.embedded.tomcat.TomcatWebServer  : Tomcat initialized with port(s): 8300 (http)
2020-06-23 11:31:01.960  INFO 62716 --- [main] o.apache.catalina.core.StandardService   : Starting service [Tomcat]
2020-06-23 11:31:01.960  INFO 62716 --- [main] org.apache.catalina.core.StandardEngine  : Starting Servlet Engine: Apache Tomcat/8.5.28
2020-06-23 11:31:01.969  INFO 62716 --- [localhost-startStop-1] o.a.catalina.core.AprLifecycleListener   : The APR based Apache Tomcat Native library which allows optimal performance in production environments was not found on the java.library.path: [C:\Program Files\AdoptOpenJDK\jdk-8.0.202.08\jre\bin\compressedrefs;C:\Program Files\AdoptOpenJDK\jdk-8.0.202.08\jre\bin;C:\windows\system32;C:\windows;D:/openjdk-11.0.1_windows-x64_bin/jdk-11.0.1/bin/server;D:/openjdk-11.0.1_windows-x64_bin/jdk-11.0.1/bin;C:\Program Files\Python38\Scripts\;C:\Program Files\Python38\;C:\windows\system32;C:\windows;C:\windows\System32\Wbem;C:\windows\System32\WindowsPowerShell\v1.0\;C:\windows\System32\OpenSSH\;C:\Program Files (x86)\Sennheiser\SoftphoneSDK\;C:\Program Files\AdoptOpenJDK\jdk-8.0.202.08\bin;C:\Program Files\PuTTY\;C:\Program Files\MongoDB\Server\4.2\bin;C:\Program Files\Redis;C:\Program Files\TortoiseGit\bin;C:\Program Files\Microsoft SQL Server\130\Tools\Binn\;C:\Program Files\Microsoft SQL Server\Client SDK\ODBC\170\Tools\Binn\;C:\Program Files\Git\cmd;C:\Program Files\nodejs\;C:\Program Files\dotnet\;C:\Users\samrat.basu01\AppData\Local\Microsoft\WindowsApps;;C:\Users\samrat.basu01\AppData\Local\Programs\Microsoft VS Code\bin;C:\Users\samrat.basu01\AppData\Roaming\npm;C:\Program Files\JetBrains\IntelliJ IDEA 2020.1.1\bin;;C:\Users\samrat.basu01\Desktop;;.]
2020-06-23 11:31:02.105  INFO 62716 --- [localhost-startStop-1] o.a.c.c.C.[Tomcat].[localhost].[/]       : Initializing Spring embedded WebApplicationContext
2020-06-23 11:31:02.105  INFO 62716 --- [localhost-startStop-1] o.s.web.context.ContextLoader            : Root WebApplicationContext: initialization completed in 3311 ms
2020-06-23 11:31:02.343  INFO 62716 --- [localhost-startStop-1] o.s.b.w.servlet.ServletRegistrationBean  : Servlet dispatcherServlet mapped to [/]
2020-06-23 11:31:02.347  INFO 62716 --- [localhost-startStop-1] o.s.b.w.servlet.FilterRegistrationBean   : Mapping filter: 'characterEncodingFilter' to: [/*]
2020-06-23 11:31:02.348  INFO 62716 --- [localhost-startStop-1] o.s.b.w.servlet.FilterRegistrationBean   : Mapping filter: 'hiddenHttpMethodFilter' to: [/*]
2020-06-23 11:31:02.348  INFO 62716 --- [localhost-startStop-1] o.s.b.w.servlet.FilterRegistrationBean   : Mapping filter: 'httpPutFormContentFilter' to: [/*]
2020-06-23 11:31:02.349  INFO 62716 --- [localhost-startStop-1] o.s.b.w.servlet.FilterRegistrationBean   : Mapping filter: 'requestContextFilter' to: [/*]
2020-06-23 11:31:03.282  INFO 62716 --- [main] org.mongodb.driver.cluster               : Cluster created with settings {hosts=[localhost:27017], mode=MULTIPLE, requiredClusterType=UNKNOWN, serverSelectionTimeout='30000 ms', maxWaitQueueSize=500}
2020-06-23 11:31:03.282  INFO 62716 --- [main] org.mongodb.driver.cluster               : Adding discovered server localhost:27017 to client view of cluster
2020-06-23 11:31:03.380  INFO 62716 --- [cluster-ClusterId{value='5ef19a9f0aaea5f4fc195779', description='null'}-localhost:27017] org.mongodb.driver.connection            : Opened connection [connectionId{localValue:1, serverValue:66}] to localhost:27017
2020-06-23 11:31:03.394  INFO 62716 --- [cluster-ClusterId{value='5ef19a9f0aaea5f4fc195779', description='null'}-localhost:27017] org.mongodb.driver.cluster               : Monitor thread successfully connected to server with description ServerDescription{address=localhost:27017, type=STANDALONE, state=CONNECTED, ok=true, version=ServerVersion{versionList=[4, 2, 6]}, minWireVersion=0, maxWireVersion=8, maxDocumentSize=16777216, logicalSessionTimeoutMinutes=30, roundTripTimeNanos=9840196}
2020-06-23 11:31:03.396  INFO 62716 --- [cluster-ClusterId{value='5ef19a9f0aaea5f4fc195779', description='null'}-localhost:27017] org.mongodb.driver.cluster               : Discovered cluster type of STANDALONE
2020-06-23 11:31:04.484  INFO 62716 --- [main] s.w.s.m.m.a.RequestMappingHandlerMapping : Mapped "{[/adapter/jira/pull/tasks],methods=[POST]}" onto public org.springframework.http.ResponseEntity<?> com.org.infy.adapter.controller.AdapterController.pullJiraTasks(java.lang.String)
2020-06-23 11:31:04.486  INFO 62716 --- [main] s.w.s.m.m.a.RequestMappingHandlerMapping : Mapped "{[/adapter/appreciation/upload],methods=[POST]}" onto public org.springframework.http.ResponseEntity<?> com.org.infy.adapter.controller.AdapterController.uploadAppreciation(org.springframework.web.multipart.MultipartFile[],java.lang.String)
2020-06-23 11:31:04.487  INFO 62716 --- [main] s.w.s.m.m.a.RequestMappingHandlerMapping : Mapped "{[/adapter/course/upload],methods=[POST]}" onto public org.springframework.http.ResponseEntity<?> com.org.infy.adapter.controller.AdapterController.uploadCourse(org.springframework.web.multipart.MultipartFile[],java.lang.String)
2020-06-23 11:31:04.488  INFO 62716 --- [main] s.w.s.m.m.a.RequestMappingHandlerMapping : Mapped "{[/adapter/feedback/upload],methods=[POST]}" onto public org.springframework.http.ResponseEntity<?> com.org.infy.adapter.controller.AdapterController.uploadFeedback(org.springframework.web.multipart.MultipartFile[],java.lang.String)
2020-06-23 11:31:04.491  INFO 62716 --- [main] s.w.s.m.m.a.RequestMappingHandlerMapping : Mapped "{[/adapter/task/upload],methods=[POST]}" onto public org.springframework.http.ResponseEntity<?> com.org.infy.adapter.controller.AdapterController.uploadTask(org.springframework.web.multipart.MultipartFile[],java.lang.String)
2020-06-23 11:31:04.492  INFO 62716 --- [main] s.w.s.m.m.a.RequestMappingHandlerMapping : Mapped "{[/adapter/fetchTasks],methods=[GET]}" onto public org.springframework.http.ResponseEntity<?> com.org.infy.adapter.controller.AdapterController.getTask(java.lang.String)
2020-06-23 11:31:04.494  INFO 62716 --- [main] s.w.s.m.m.a.RequestMappingHandlerMapping : Mapped "{[/v2/api-docs],methods=[GET],produces=[application/json || application/hal+json]}" onto public org.springframework.http.ResponseEntity<springfox.documentation.spring.web.json.Json> springfox.documentation.swagger2.web.Swagger2Controller.getDocumentation(java.lang.String,javax.servlet.http.HttpServletRequest)
2020-06-23 11:31:04.500  INFO 62716 --- [main] s.w.s.m.m.a.RequestMappingHandlerMapping : Mapped "{[/configuration/security]}" onto org.springframework.http.ResponseEntity<springfox.documentation.swagger.web.SecurityConfiguration> springfox.documentation.swagger.web.ApiResourceController.securityConfiguration()
2020-06-23 11:31:04.501  INFO 62716 --- [main] s.w.s.m.m.a.RequestMappingHandlerMapping : Mapped "{[/configuration/ui]}" onto org.springframework.http.ResponseEntity<springfox.documentation.swagger.web.UiConfiguration> springfox.documentation.swagger.web.ApiResourceController.uiConfiguration()
2020-06-23 11:31:04.502  INFO 62716 --- [main] s.w.s.m.m.a.RequestMappingHandlerMapping : Mapped "{[/swagger-resources]}" onto org.springframework.http.ResponseEntity<java.util.List<springfox.documentation.swagger.web.SwaggerResource>> springfox.documentation.swagger.web.ApiResourceController.swaggerResources()
2020-06-23 11:31:04.511  INFO 62716 --- [main] s.w.s.m.m.a.RequestMappingHandlerMapping : Mapped "{[/error],produces=[text/html]}" onto public org.springframework.web.servlet.ModelAndView org.springframework.boot.autoconfigure.web.servlet.error.BasicErrorController.errorHtml(javax.servlet.http.HttpServletRequest,javax.servlet.http.HttpServletResponse)
2020-06-23 11:31:04.511  INFO 62716 --- [main] s.w.s.m.m.a.RequestMappingHandlerMapping : Mapped "{[/error]}" onto public org.springframework.http.ResponseEntity<java.util.Map<java.lang.String, java.lang.Object>> org.springframework.boot.autoconfigure.web.servlet.error.BasicErrorController.error(javax.servlet.http.HttpServletRequest)
2020-06-23 11:31:04.957  INFO 62716 --- [main] s.w.s.m.m.a.RequestMappingHandlerAdapter : Looking for @ControllerAdvice: org.springframework.boot.web.servlet.context.AnnotationConfigServletWebServerApplicationContext@64191880: startup date [Tue Jun 23 11:30:58 IST 2020]; root of context hierarchy
2020-06-23 11:31:05.040  INFO 62716 --- [main] o.s.w.s.handler.SimpleUrlHandlerMapping  : Mapped URL path [/webjars/**] onto handler of type [class org.springframework.web.servlet.resource.ResourceHttpRequestHandler]
2020-06-23 11:31:05.041  INFO 62716 --- [main] o.s.w.s.handler.SimpleUrlHandlerMapping  : Mapped URL path [/**] onto handler of type [class org.springframework.web.servlet.resource.ResourceHttpRequestHandler]
2020-06-23 11:31:05.090  INFO 62716 --- [main] o.s.w.s.handler.SimpleUrlHandlerMapping  : Mapped URL path [/**/favicon.ico] onto handler of type [class org.springframework.web.servlet.resource.ResourceHttpRequestHandler]
2020-06-23 11:31:05.341  INFO 62716 --- [main] o.s.j.e.a.AnnotationMBeanExporter        : Registering beans for JMX exposure on startup
2020-06-23 11:31:05.368  INFO 62716 --- [main] d.s.w.p.DocumentationPluginsBootstrapper : Context refreshed
2020-06-23 11:31:05.400  INFO 62716 --- [main] d.s.w.p.DocumentationPluginsBootstrapper : Found 1 custom documentation plugin(s)
2020-06-23 11:31:05.412  INFO 62716 --- [main] s.d.s.w.s.ApiListingReferenceScanner     : Scanning for api listing references
2020-06-23 11:31:05.615  INFO 62716 --- [main] o.s.b.w.embedded.tomcat.TomcatWebServer  : Tomcat started on port(s): 8300 (http) with context path ''
2020-06-23 11:31:05.621  INFO 62716 --- [main] com.org.infy.adapter.Starter             : Started Starter in 7.56 seconds (JVM running for 8.251)
2020-06-23 11:31:22.733  INFO 62716 --- [http-nio-8300-exec-1] o.a.c.c.C.[Tomcat].[localhost].[/]       : Initializing Spring FrameworkServlet 'dispatcherServlet'
2020-06-23 11:31:22.734  INFO 62716 --- [http-nio-8300-exec-1] o.s.web.servlet.DispatcherServlet        : FrameworkServlet 'dispatcherServlet': initialization started
2020-06-23 11:31:22.770  INFO 62716 --- [http-nio-8300-exec-1] o.s.web.servlet.DispatcherServlet        : FrameworkServlet 'dispatcherServlet': initialization completed in 36 ms
2020-06-23 11:31:22.867  INFO 62716 --- [http-nio-8300-exec-1] com.org.infy.adapter.util.Utility        : Payload received for Object creation :{"employeeId":"1047616","name":"Samrat Basu","email":"samtina.basu01@infosys.com","date":1592889297425,"category":"appreciation","appreciation":[{"appreciatorName":"Deepar","appreciatorEmail":"DeepaR@edgeverve.com","appreciationSub":"Good API Work","description":"Good api work","appreciationDate":1592889297425}]}
2020-06-23 11:31:22.948  INFO 62716 --- [http-nio-8300-exec-1] c.o.i.a.controller.AdapterController     : Employee id value :1047616
2020-06-23 11:31:22.949  INFO 62716 --- [http-nio-8300-exec-1] c.o.i.a.service.FileStorageService       : Appreciation file name :Important.txt
2020-06-23 11:31:22.950  INFO 62716 --- [http-nio-8300-exec-1] c.o.i.a.service.FileStorageService       : Target Location is :D:\input-file\-6653173719901854842\Important.txt
2020-06-23 11:31:22.953  INFO 62716 --- [http-nio-8300-exec-1] c.o.i.a.service.FileStorageService       : File Name :Important.txt FilePath :D:\input-file\-6653173719901854842\Important.txt
2020-06-23 11:31:22.998 DEBUG 62716 --- [http-nio-8300-exec-1] o.s.data.mongodb.core.MongoTemplate      : Inserting Document containing fields: [employeeId, name, email, date, category, appreciation, _class] in collection: col_icount_store
2020-06-23 11:31:23.047  INFO 62716 --- [http-nio-8300-exec-1] org.mongodb.driver.connection            : Opened connection [connectionId{localValue:2, serverValue:67}] to localhost:27017
2020-06-23 11:31:23.164  INFO 62716 --- [http-nio-8300-exec-1] c.o.i.a.service.FileStorageService       : Coin DTO is:<200,CoinDTO(id=1, key=coins, deals=null, defaults=Default(appreciationGivenCoins=70, appreciationReceivedCoins=70, feedbackGivenCoins=90, feedbackReceivedCoins=90, courseCompleteCoins=80, taskCompleteCoins=80), dealStartDate=null, dealEndDate=null),{Content-Type=[application/json;charset=UTF-8], Transfer-Encoding=[chunked], Date=[Tue, 23 Jun 2020 06:01:23 GMT]}>
2020-06-23 11:31:23.165  INFO 62716 --- [http-nio-8300-exec-1] c.o.i.a.service.FileStorageService       : To be saved receiver coins :70
2020-06-23 11:31:23.179 DEBUG 62716 --- [http-nio-8300-exec-1] o.s.data.mongodb.core.MongoTemplate      : Inserting Document containing fields: [employeeId, name, email, coins, lastupdated, redeemdate, _class] in collection: col_user_coins
2020-06-23 11:31:23.183  INFO 62716 --- [http-nio-8300-exec-1] c.o.i.a.service.FileStorageService       : To be saved appreciation provider data :70
2020-06-23 11:31:23.184 DEBUG 62716 --- [http-nio-8300-exec-1] o.s.data.mongodb.core.MongoTemplate      : Inserting Document containing fields: [name, email, coins, lastupdated, redeemdate, _class] in collection: col_user_coins
2020-06-23 11:31:23.196  INFO 62716 --- [http-nio-8300-exec-1] c.o.i.a.service.FileStorageService       : Request Payload :{"id":"5ef19ab30aaea5f4fc19577a","employeeId":"1047616","name":"Samrat Basu","email":"samtina.basu01@infosys.com","date":1592889297425,"istask":null,"category":"appreciation","appreciation":[{"appreciatorName":"Deepar","appreciatorEmail":"DeepaR@edgeverve.com","appreciationSub":"Good API Work","description":"Good api work","appreciationDate":1592889297425,"fileInfo":[{"fileName":"Important.txt","filePath":"D:\\input-file\\-6653173719901854842\\Important.txt"}]}],"course":null,"feedback":null,"task":null}
2020-06-23 11:31:23.454  INFO 62716 --- [http-nio-8300-exec-1] c.o.i.a.controller.AdapterController     : Total processing time 508 ms.
2020-06-23 11:44:03.598  INFO 62716 --- [http-nio-8300-exec-3] com.org.infy.adapter.util.Utility        : Payload received for Object creation :{"employeeId":"1047616","name":"Samrat Basu","email":"samrat.basu01@infosys.com","date":1592889297425,"category":"appreciation","appreciation":[{"appreciatorName":"Deepar","appreciatorEmail":"DeepaR@edgeverve.com","appreciationSub":"Good API Work","description":"Good api work","appreciationDate":1592889297425}]}
2020-06-23 11:44:03.608  INFO 62716 --- [http-nio-8300-exec-3] c.o.i.a.controller.AdapterController     : Employee id value :1047616
2020-06-23 11:44:03.609  INFO 62716 --- [http-nio-8300-exec-3] c.o.i.a.service.FileStorageService       : Appreciation file name :Important.txt
2020-06-23 11:44:03.609  INFO 62716 --- [http-nio-8300-exec-3] c.o.i.a.service.FileStorageService       : Target Location is :D:\input-file\-6653173719901854842\Important.txt
2020-06-23 11:44:03.612  INFO 62716 --- [http-nio-8300-exec-3] c.o.i.a.service.FileStorageService       : File Name :Important.txt FilePath :D:\input-file\-6653173719901854842\Important.txt
2020-06-23 11:44:03.613 DEBUG 62716 --- [http-nio-8300-exec-3] o.s.data.mongodb.core.MongoTemplate      : Inserting Document containing fields: [employeeId, name, email, date, category, appreciation, _class] in collection: col_icount_store
2020-06-23 11:44:03.648  INFO 62716 --- [http-nio-8300-exec-3] c.o.i.a.service.FileStorageService       : Coin DTO is:<200,CoinDTO(id=1, key=coins, deals=null, defaults=Default(appreciationGivenCoins=70, appreciationReceivedCoins=70, feedbackGivenCoins=90, feedbackReceivedCoins=90, courseCompleteCoins=80, taskCompleteCoins=80), dealStartDate=null, dealEndDate=null),{Content-Type=[application/json;charset=UTF-8], Transfer-Encoding=[chunked], Date=[Tue, 23 Jun 2020 06:14:03 GMT]}>
2020-06-23 11:44:03.648  INFO 62716 --- [http-nio-8300-exec-3] c.o.i.a.service.FileStorageService       : To be saved receiver coins :70
2020-06-23 11:44:03.649 DEBUG 62716 --- [http-nio-8300-exec-3] o.s.data.mongodb.core.MongoTemplate      : Inserting Document containing fields: [employeeId, name, email, coins, lastupdated, redeemdate, _class] in collection: col_user_coins
2020-06-23 11:44:03.651  INFO 62716 --- [http-nio-8300-exec-3] c.o.i.a.service.FileStorageService       : To be saved appreciation provider data :70
2020-06-23 11:44:03.652 DEBUG 62716 --- [http-nio-8300-exec-3] o.s.data.mongodb.core.MongoTemplate      : Inserting Document containing fields: [name, email, coins, lastupdated, redeemdate, _class] in collection: col_user_coins
2020-06-23 11:44:03.661  INFO 62716 --- [http-nio-8300-exec-3] c.o.i.a.service.FileStorageService       : Request Payload :{"id":"5ef19dab0aaea5f4fc19577d","employeeId":"1047616","name":"Samrat Basu","email":"samrat.basu01@infosys.com","date":1592889297425,"istask":null,"category":"appreciation","appreciation":[{"appreciatorName":"Deepar","appreciatorEmail":"DeepaR@edgeverve.com","appreciationSub":"Good API Work","description":"Good api work","appreciationDate":1592889297425,"fileInfo":[{"fileName":"Important.txt","filePath":"D:\\input-file\\-6653173719901854842\\Important.txt"}]}],"course":null,"feedback":null,"task":null}
2020-06-23 11:44:03.689  INFO 62716 --- [http-nio-8300-exec-3] c.o.i.a.controller.AdapterController     : Total processing time 81 ms.
2020-06-23 15:48:11.065  INFO 117124 --- [main] com.org.infy.adapter.Starter             : Starting Starter on BLRKEC287992L with PID 117124 (started by samrat.basu01 in D:\samrat.basu01\D-Drive\eclipse workspace\adapter-service)
2020-06-23 15:48:11.072  INFO 117124 --- [main] com.org.infy.adapter.Starter             : No active profile set, falling back to default profiles: default
2020-06-23 15:48:11.226  INFO 117124 --- [main] ConfigServletWebServerApplicationContext : Refreshing org.springframework.boot.web.servlet.context.AnnotationConfigServletWebServerApplicationContext@fd3c4a6c: startup date [Tue Jun 23 15:48:11 IST 2020]; root of context hierarchy
2020-06-23 15:48:15.512  INFO 117124 --- [main] o.s.b.w.embedded.tomcat.TomcatWebServer  : Tomcat initialized with port(s): 8300 (http)
2020-06-23 15:48:15.558  INFO 117124 --- [main] o.apache.catalina.core.StandardService   : Starting service [Tomcat]
2020-06-23 15:48:15.559  INFO 117124 --- [main] org.apache.catalina.core.StandardEngine  : Starting Servlet Engine: Apache Tomcat/8.5.28
2020-06-23 15:48:15.575  INFO 117124 --- [localhost-startStop-1] o.a.catalina.core.AprLifecycleListener   : The APR based Apache Tomcat Native library which allows optimal performance in production environments was not found on the java.library.path: [C:\Program Files\AdoptOpenJDK\jdk-8.0.202.08\jre\bin\compressedrefs;C:\Program Files\AdoptOpenJDK\jdk-8.0.202.08\jre\bin;C:\windows\system32;C:\windows;D:/openjdk-11.0.1_windows-x64_bin/jdk-11.0.1/bin/server;D:/openjdk-11.0.1_windows-x64_bin/jdk-11.0.1/bin;C:\Program Files\Python38\Scripts\;C:\Program Files\Python38\;C:\windows\system32;C:\windows;C:\windows\System32\Wbem;C:\windows\System32\WindowsPowerShell\v1.0\;C:\windows\System32\OpenSSH\;C:\Program Files (x86)\Sennheiser\SoftphoneSDK\;C:\Program Files\AdoptOpenJDK\jdk-8.0.202.08\bin;C:\Program Files\PuTTY\;C:\Program Files\MongoDB\Server\4.2\bin;C:\Program Files\Redis;C:\Program Files\TortoiseGit\bin;C:\Program Files\Microsoft SQL Server\130\Tools\Binn\;C:\Program Files\Microsoft SQL Server\Client SDK\ODBC\170\Tools\Binn\;C:\Program Files\Git\cmd;C:\Program Files\nodejs\;C:\Program Files\dotnet\;C:\Users\samrat.basu01\AppData\Local\Microsoft\WindowsApps;;C:\Users\samrat.basu01\AppData\Local\Programs\Microsoft VS Code\bin;C:\Users\samrat.basu01\AppData\Roaming\npm;C:\Program Files\JetBrains\IntelliJ IDEA 2020.1.1\bin;;C:\Users\samrat.basu01\Desktop;;.]
2020-06-23 15:48:15.789  INFO 117124 --- [localhost-startStop-1] o.a.c.c.C.[Tomcat].[localhost].[/]       : Initializing Spring embedded WebApplicationContext
2020-06-23 15:48:15.790  INFO 117124 --- [localhost-startStop-1] o.s.web.context.ContextLoader            : Root WebApplicationContext: initialization completed in 4564 ms
2020-06-23 15:48:16.073  INFO 117124 --- [localhost-startStop-1] o.s.b.w.servlet.ServletRegistrationBean  : Servlet dispatcherServlet mapped to [/]
2020-06-23 15:48:16.081  INFO 117124 --- [localhost-startStop-1] o.s.b.w.servlet.FilterRegistrationBean   : Mapping filter: 'characterEncodingFilter' to: [/*]
2020-06-23 15:48:16.082  INFO 117124 --- [localhost-startStop-1] o.s.b.w.servlet.FilterRegistrationBean   : Mapping filter: 'hiddenHttpMethodFilter' to: [/*]
2020-06-23 15:48:16.083  INFO 117124 --- [localhost-startStop-1] o.s.b.w.servlet.FilterRegistrationBean   : Mapping filter: 'httpPutFormContentFilter' to: [/*]
2020-06-23 15:48:16.084  INFO 117124 --- [localhost-startStop-1] o.s.b.w.servlet.FilterRegistrationBean   : Mapping filter: 'requestContextFilter' to: [/*]
2020-06-23 15:48:17.251  INFO 117124 --- [main] org.mongodb.driver.cluster               : Cluster created with settings {hosts=[localhost:27017], mode=MULTIPLE, requiredClusterType=UNKNOWN, serverSelectionTimeout='30000 ms', maxWaitQueueSize=500}
2020-06-23 15:48:17.253  INFO 117124 --- [main] org.mongodb.driver.cluster               : Adding discovered server localhost:27017 to client view of cluster
2020-06-23 15:48:17.448  INFO 117124 --- [cluster-ClusterId{value='5ef1d6e90aaea5c98430662c', description='null'}-localhost:27017] org.mongodb.driver.connection            : Opened connection [connectionId{localValue:1, serverValue:79}] to localhost:27017
2020-06-23 15:48:17.468  INFO 117124 --- [cluster-ClusterId{value='5ef1d6e90aaea5c98430662c', description='null'}-localhost:27017] org.mongodb.driver.cluster               : Monitor thread successfully connected to server with description ServerDescription{address=localhost:27017, type=STANDALONE, state=CONNECTED, ok=true, version=ServerVersion{versionList=[4, 2, 6]}, minWireVersion=0, maxWireVersion=8, maxDocumentSize=16777216, logicalSessionTimeoutMinutes=30, roundTripTimeNanos=9267215}
2020-06-23 15:48:17.472  INFO 117124 --- [cluster-ClusterId{value='5ef1d6e90aaea5c98430662c', description='null'}-localhost:27017] org.mongodb.driver.cluster               : Discovered cluster type of STANDALONE
2020-06-23 15:48:19.328  INFO 117124 --- [main] s.w.s.m.m.a.RequestMappingHandlerMapping : Mapped "{[/adapter/jira/pull/tasks],methods=[POST]}" onto public org.springframework.http.ResponseEntity<?> com.org.infy.adapter.controller.AdapterController.pullJiraTasks(java.lang.String)
2020-06-23 15:48:19.330  INFO 117124 --- [main] s.w.s.m.m.a.RequestMappingHandlerMapping : Mapped "{[/adapter/appreciation/upload],methods=[POST]}" onto public org.springframework.http.ResponseEntity<?> com.org.infy.adapter.controller.AdapterController.uploadAppreciation(org.springframework.web.multipart.MultipartFile[],java.lang.String)
2020-06-23 15:48:19.331  INFO 117124 --- [main] s.w.s.m.m.a.RequestMappingHandlerMapping : Mapped "{[/adapter/course/upload],methods=[POST]}" onto public org.springframework.http.ResponseEntity<?> com.org.infy.adapter.controller.AdapterController.uploadCourse(org.springframework.web.multipart.MultipartFile[],java.lang.String)
2020-06-23 15:48:19.333  INFO 117124 --- [main] s.w.s.m.m.a.RequestMappingHandlerMapping : Mapped "{[/adapter/feedback/upload],methods=[POST]}" onto public org.springframework.http.ResponseEntity<?> com.org.infy.adapter.controller.AdapterController.uploadFeedback(org.springframework.web.multipart.MultipartFile[],java.lang.String)
2020-06-23 15:48:19.334  INFO 117124 --- [main] s.w.s.m.m.a.RequestMappingHandlerMapping : Mapped "{[/adapter/task/upload],methods=[POST]}" onto public org.springframework.http.ResponseEntity<?> com.org.infy.adapter.controller.AdapterController.uploadTask(org.springframework.web.multipart.MultipartFile[],java.lang.String)
2020-06-23 15:48:19.336  INFO 117124 --- [main] s.w.s.m.m.a.RequestMappingHandlerMapping : Mapped "{[/adapter/fetchTasks],methods=[GET]}" onto public org.springframework.http.ResponseEntity<?> com.org.infy.adapter.controller.AdapterController.getTask(java.lang.String)
2020-06-23 15:48:19.339  INFO 117124 --- [main] s.w.s.m.m.a.RequestMappingHandlerMapping : Mapped "{[/v2/api-docs],methods=[GET],produces=[application/json || application/hal+json]}" onto public org.springframework.http.ResponseEntity<springfox.documentation.spring.web.json.Json> springfox.documentation.swagger2.web.Swagger2Controller.getDocumentation(java.lang.String,javax.servlet.http.HttpServletRequest)
2020-06-23 15:48:19.350  INFO 117124 --- [main] s.w.s.m.m.a.RequestMappingHandlerMapping : Mapped "{[/configuration/security]}" onto org.springframework.http.ResponseEntity<springfox.documentation.swagger.web.SecurityConfiguration> springfox.documentation.swagger.web.ApiResourceController.securityConfiguration()
2020-06-23 15:48:19.352  INFO 117124 --- [main] s.w.s.m.m.a.RequestMappingHandlerMapping : Mapped "{[/configuration/ui]}" onto org.springframework.http.ResponseEntity<springfox.documentation.swagger.web.UiConfiguration> springfox.documentation.swagger.web.ApiResourceController.uiConfiguration()
2020-06-23 15:48:19.354  INFO 117124 --- [main] s.w.s.m.m.a.RequestMappingHandlerMapping : Mapped "{[/swagger-resources]}" onto org.springframework.http.ResponseEntity<java.util.List<springfox.documentation.swagger.web.SwaggerResource>> springfox.documentation.swagger.web.ApiResourceController.swaggerResources()
2020-06-23 15:48:19.364  INFO 117124 --- [main] s.w.s.m.m.a.RequestMappingHandlerMapping : Mapped "{[/error],produces=[text/html]}" onto public org.springframework.web.servlet.ModelAndView org.springframework.boot.autoconfigure.web.servlet.error.BasicErrorController.errorHtml(javax.servlet.http.HttpServletRequest,javax.servlet.http.HttpServletResponse)
2020-06-23 15:48:19.365  INFO 117124 --- [main] s.w.s.m.m.a.RequestMappingHandlerMapping : Mapped "{[/error]}" onto public org.springframework.http.ResponseEntity<java.util.Map<java.lang.String, java.lang.Object>> org.springframework.boot.autoconfigure.web.servlet.error.BasicErrorController.error(javax.servlet.http.HttpServletRequest)
2020-06-23 15:48:20.072  INFO 117124 --- [main] s.w.s.m.m.a.RequestMappingHandlerAdapter : Looking for @ControllerAdvice: org.springframework.boot.web.servlet.context.AnnotationConfigServletWebServerApplicationContext@fd3c4a6c: startup date [Tue Jun 23 15:48:11 IST 2020]; root of context hierarchy
2020-06-23 15:48:20.204  INFO 117124 --- [main] o.s.w.s.handler.SimpleUrlHandlerMapping  : Mapped URL path [/webjars/**] onto handler of type [class org.springframework.web.servlet.resource.ResourceHttpRequestHandler]
2020-06-23 15:48:20.204  INFO 117124 --- [main] o.s.w.s.handler.SimpleUrlHandlerMapping  : Mapped URL path [/**] onto handler of type [class org.springframework.web.servlet.resource.ResourceHttpRequestHandler]
2020-06-23 15:48:20.288  INFO 117124 --- [main] o.s.w.s.handler.SimpleUrlHandlerMapping  : Mapped URL path [/**/favicon.ico] onto handler of type [class org.springframework.web.servlet.resource.ResourceHttpRequestHandler]
2020-06-23 15:48:20.717  INFO 117124 --- [main] o.s.j.e.a.AnnotationMBeanExporter        : Registering beans for JMX exposure on startup
2020-06-23 15:48:20.762  INFO 117124 --- [main] d.s.w.p.DocumentationPluginsBootstrapper : Context refreshed
2020-06-23 15:48:20.803  INFO 117124 --- [main] d.s.w.p.DocumentationPluginsBootstrapper : Found 1 custom documentation plugin(s)
2020-06-23 15:48:20.824  INFO 117124 --- [main] s.d.s.w.s.ApiListingReferenceScanner     : Scanning for api listing references
2020-06-23 15:48:21.197  INFO 117124 --- [main] o.s.b.w.embedded.tomcat.TomcatWebServer  : Tomcat started on port(s): 8300 (http) with context path ''
2020-06-23 15:48:21.207  INFO 117124 --- [main] com.org.infy.adapter.Starter             : Started Starter in 21.181 seconds (JVM running for 22.087)
2020-06-23 15:56:52.072  INFO 117124 --- [http-nio-8300-exec-1] o.a.c.c.C.[Tomcat].[localhost].[/]       : Initializing Spring FrameworkServlet 'dispatcherServlet'
2020-06-23 15:56:52.073  INFO 117124 --- [http-nio-8300-exec-1] o.s.web.servlet.DispatcherServlet        : FrameworkServlet 'dispatcherServlet': initialization started
2020-06-23 15:56:52.123  INFO 117124 --- [http-nio-8300-exec-1] o.s.web.servlet.DispatcherServlet        : FrameworkServlet 'dispatcherServlet': initialization completed in 50 ms
2020-06-23 15:56:52.272  INFO 117124 --- [http-nio-8300-exec-1] com.org.infy.adapter.util.Utility        : Payload received for Object creation :{"employeeId":"1047616","name":"Samrat Basu","email":"samrat.basu01@infosys.com","date":1592907960820,"category":"appreciation","appreciation":[{"appreciatorName":"Deepa","appreciatorEmail":"samtina.basu@gmail.com","appreciationSub":"Good API Work","description":"Good Job","appreciationDate":1592907960820}]}
2020-06-23 15:56:52.385  INFO 117124 --- [http-nio-8300-exec-1] c.o.i.a.controller.AdapterController     : Employee id value :1047616
2020-06-23 15:56:52.386  INFO 117124 --- [http-nio-8300-exec-1] c.o.i.a.service.FileStorageService       : Appreciation file name :Important.txt
2020-06-23 15:56:52.387  INFO 117124 --- [http-nio-8300-exec-1] c.o.i.a.service.FileStorageService       : Target Location is :D:\input-file\-9012020838124212295\Important.txt
2020-06-23 15:56:52.390  INFO 117124 --- [http-nio-8300-exec-1] c.o.i.a.service.FileStorageService       : File Name :Important.txt FilePath :D:\input-file\-9012020838124212295\Important.txt
2020-06-23 15:56:52.469 DEBUG 117124 --- [http-nio-8300-exec-1] o.s.data.mongodb.core.MongoTemplate      : Inserting Document containing fields: [employeeId, name, email, date, category, appreciation, _class] in collection: col_icount_store
2020-06-23 15:56:52.550  INFO 117124 --- [http-nio-8300-exec-1] org.mongodb.driver.connection            : Opened connection [connectionId{localValue:2, serverValue:80}] to localhost:27017
2020-06-23 15:56:52.771  INFO 117124 --- [http-nio-8300-exec-1] c.o.i.a.service.FileStorageService       : Coin DTO is:<200,CoinDTO(id=1, key=coins, deals=null, defaults=Default(appreciationGivenCoins=100, appreciationReceivedCoins=140, feedbackGivenCoins=70, feedbackReceivedCoins=80, courseCompleteCoins=120, taskCompleteCoins=90), dealStartDate=null, dealEndDate=null),{Content-Type=[application/json;charset=UTF-8], Transfer-Encoding=[chunked], Date=[Tue, 23 Jun 2020 10:26:52 GMT]}>
2020-06-23 15:56:52.772  INFO 117124 --- [http-nio-8300-exec-1] c.o.i.a.service.FileStorageService       : To be saved receiver coins :140
2020-06-23 15:56:52.789 DEBUG 117124 --- [http-nio-8300-exec-1] o.s.data.mongodb.core.MongoTemplate      : Inserting Document containing fields: [employeeId, name, email, coins, lastupdated, redeemdate, _class] in collection: col_user_coins
2020-06-23 15:56:52.793  INFO 117124 --- [http-nio-8300-exec-1] c.o.i.a.service.FileStorageService       : To be saved appreciation provider data :140
2020-06-23 15:56:52.794 DEBUG 117124 --- [http-nio-8300-exec-1] o.s.data.mongodb.core.MongoTemplate      : Inserting Document containing fields: [name, email, coins, lastupdated, redeemdate, _class] in collection: col_user_coins
2020-06-23 15:56:52.804  INFO 117124 --- [http-nio-8300-exec-1] c.o.i.a.service.FileStorageService       : Request Payload :{"id":"5ef1d8ec0aaea5c98430662d","employeeId":"1047616","name":"Samrat Basu","email":"samrat.basu01@infosys.com","date":1592907960820,"istask":null,"category":"appreciation","appreciation":[{"appreciatorName":"Deepa","appreciatorEmail":"samtina.basu@gmail.com","appreciationSub":"Good API Work","description":"Good Job","appreciationDate":1592907960820,"fileInfo":[{"fileName":"Important.txt","filePath":"D:\\input-file\\-9012020838124212295\\Important.txt"}]}],"course":null,"feedback":null,"task":null}
2020-06-23 15:56:53.268  INFO 117124 --- [http-nio-8300-exec-1] c.o.i.a.controller.AdapterController     : Total processing time 885 ms.
